Arguments: 
  /usr/local/bin/node /usr/local/Cellar/yarn/1.22.10/libexec/bin/yarn.js add rollup --dev

PATH: 
  /Users/wmf/Volumes/D/flutter/bin:/usr/local/bin:/usr/bin:/bin:/usr/sbin:/sbin:/Applications/VMware Fusion.app/Contents/Public:/Library/Apple/usr/bin:/Volumes/D/flutter/bin:/usr/local/mysql/bin

Yarn version: 
  1.22.10

Node version: 
  15.2.1

Platform: 
  darwin x64

Trace: 
  Error: https://registry.yarnpkg.com/typescript/-/typescript-4.4.4.tgz: ESOCKETTIMEDOUT
      at ClientRequest.<anonymous> (/usr/local/Cellar/yarn/1.22.10/libexec/lib/cli.js:141376:19)
      at Object.onceWrapper (node:events:435:28)
      at ClientRequest.emit (node:events:329:20)
      at TLSSocket.emitRequestTimeout (node:_http_client:796:9)
      at Object.onceWrapper (node:events:435:28)
      at TLSSocket.emit (node:events:341:22)
      at TLSSocket.Socket._onTimeout (node:net:470:8)
      at listOnTimeout (node:internal/timers:556:17)
      at processTimers (node:internal/timers:499:7)

npm manifest: 
  {
    "name": "uni-code",
    "version": "1.0.0",
    "description": "条形码 二维码",
    "main": "index.js",
    "scripts": {
      "build": "rollup -c",
      "dev": "rollup -c -w",
      "test": "echo \"Error: no test specified\" && exit 1"
    },
    "keywords": [
      "code"
    ],
    "author": "wmf",
    "license": "ISC",
    "devDependencies": {
      "@babel/core": "^7.15.5",
      "@babel/preset-env": "^7.15.6",
      "@dcloudio/types": "^2.5.12",
      "rollup-plugin-babel": "^4.4.0",
      "rollup-plugin-typescript2": "^0.30.0",
      "rollup-plugin-uglify": "^6.0.4",
      "typescript": "^4.4.3"
    },
    "dependencies": {
      "rollup": "^2.57.0"
    }
  }

yarn manifest: 
  No manifest

Lockfile: 
  No lockfile
